Build started 5/15/2016 1:07:42 PM.
     1>Project "C:\Users\Sonya\Documents\Code_GitVC\Cpp\molT-master\Master\Master.vcxproj" on node 2 (Build target(s)).
     1>ClCompile:
         C:\Program Files (x86)\Microsoft Visual Studio 12.0\VC\bin\CL.exe /c /I"C:\Users\Sonya\Documents\Code\Cpp\molT-master\Master" /ZI /nologo /W3 /WX- /sdl /Od /Oy- /D WIN32 /D _CRT_SECURE_NO_WARNINGS /D _DEBUG /D _CONSOLE /D _LIB /D _MBCS /Gm /EHsc /RTC1 /MTd /GS /fp:precise /Zc:wchar_t /Zc:forScope /Fo"Debug\\" /Fd"Debug\vc120.pdb" /Gd /TP /analyze- /errorReport:prompt DMM.cpp K2400.cpp SPA4145B.cpp SPA4156B.cpp Switchbox.cpp main.cpp menu.cpp
         menu.cpp
     1>c:\users\sonya\documents\code_gitvc\cpp\molt-master\master\spa4156b.h(16): warning C4005: 'ARRAYSZ' : macro redefinition
                 c:\users\sonya\documents\code_gitvc\cpp\molt-master\master\k2400.h(18) : see previous definition of 'ARRAYSZ'
     1>c:\users\sonya\documents\code_gitvc\cpp\molt-master\master\spa4145b.h(15): warning C4005: 'ARRAYSZ' : macro redefinition
                 c:\users\sonya\documents\code_gitvc\cpp\molt-master\master\spa4156b.h(16) : see previous definition of 'ARRAYSZ'
     1>c:\users\sonya\documents\code_gitvc\cpp\molt-master\master\spa4145b.h(21): warning C4005: 'PRIMARY_ADDR_OF_PNA_SPA' : macro redefinition
                 c:\users\sonya\documents\code_gitvc\cpp\molt-master\master\spa4156b.h(22) : see previous definition of 'PRIMARY_ADDR_OF_PNA_SPA'
     1>c:\users\sonya\documents\code_gitvc\cpp\molt-master\master\menu.cpp(344): warning C4244: '=' : conversion from 'int' to 'float', possible loss of data
     1>c:\users\sonya\documents\code_gitvc\cpp\molt-master\master\menu.cpp(329): warning C4101: 'exitV' : unreferenced local variable
     1>c:\users\sonya\documents\code_gitvc\cpp\molt-master\master\menu.cpp(408): warning C4244: '=' : conversion from 'int' to 'float', possible loss of data
     1>c:\users\sonya\documents\code_gitvc\cpp\molt-master\master\menu.cpp(393): warning C4101: 'exitV' : unreferenced local variable
     1>c:\users\sonya\documents\code_gitvc\cpp\molt-master\master\menu.cpp(476): warning C4244: '=' : conversion from 'int' to 'float', possible loss of data
     1>c:\users\sonya\documents\code_gitvc\cpp\molt-master\master\menu.cpp(480): warning C4244: '=' : conversion from 'double' to 'float', possible loss of data
     1>c:\users\sonya\documents\code_gitvc\cpp\molt-master\master\menu.cpp(461): warning C4101: 'exitV' : unreferenced local variable
     1>c:\users\sonya\documents\code_gitvc\cpp\molt-master\master\menu.cpp(550): warning C4244: '=' : conversion from 'int' to 'float', possible loss of data
     1>c:\users\sonya\documents\code_gitvc\cpp\molt-master\master\menu.cpp(535): warning C4101: 'exitV' : unreferenced local variable
     1>c:\users\sonya\documents\code_gitvc\cpp\molt-master\master\menu.cpp(697): warning C4244: '=' : conversion from 'int' to 'float', possible loss of data
     1>c:\users\sonya\documents\code_gitvc\cpp\molt-master\master\menu.cpp(682): warning C4101: 'exitV' : unreferenced local variable
     1>c:\users\sonya\documents\code_gitvc\cpp\molt-master\master\menu.cpp(782): warning C4244: '=' : conversion from 'int' to 'float', possible loss of data
     1>c:\users\sonya\documents\code_gitvc\cpp\molt-master\master\menu.cpp(857): warning C4244: '=' : conversion from 'int' to 'float', possible loss of data
     1>c:\users\sonya\documents\code_gitvc\cpp\molt-master\master\menu.cpp(839): warning C4101: 'exitV' : unreferenced local variable
     1>c:\users\sonya\documents\code_gitvc\cpp\molt-master\master\menu.cpp(941): warning C4305: 'argument' : truncation from 'double' to 'float'
     1>c:\users\sonya\documents\code_gitvc\cpp\molt-master\master\menu.cpp(949): warning C4244: '=' : conversion from 'int' to 'float', possible loss of data
     1>c:\users\sonya\documents\code_gitvc\cpp\molt-master\master\menu.cpp(1033): warning C4305: 'argument' : truncation from 'double' to 'float'
     1>c:\users\sonya\documents\code_gitvc\cpp\molt-master\master\menu.cpp(1091): warning C4305: 'argument' : truncation from 'double' to 'float'
     1>c:\users\sonya\documents\code_gitvc\cpp\molt-master\master\menu.cpp(1146): warning C4305: 'argument' : truncation from 'double' to 'float'
     1>c:\users\sonya\documents\code_gitvc\cpp\molt-master\master\menu.cpp(1352): warning C4244: '=' : conversion from 'double' to 'float', possible loss of data
     1>c:\users\sonya\documents\code_gitvc\cpp\molt-master\master\menu.cpp(1353): warning C4244: '=' : conversion from 'double' to 'float', possible loss of data
     1>c:\users\sonya\documents\code_gitvc\cpp\molt-master\master\menu.cpp(1361): warning C4244: '=' : conversion from 'int' to 'float', possible loss of data
     1>c:\users\sonya\documents\code_gitvc\cpp\molt-master\master\menu.cpp(1449): warning C4244: '=' : conversion from 'int' to 'float', possible loss of data
     1>c:\users\sonya\documents\code_gitvc\cpp\molt-master\master\menu.cpp(1460): warning C4244: '=' : conversion from 'double' to 'float', possible loss of data
     1>c:\users\sonya\documents\code_gitvc\cpp\molt-master\master\menu.cpp(1461): warning C4244: '=' : conversion from 'double' to 'float', possible loss of data
     1>c:\users\sonya\documents\code_gitvc\cpp\molt-master\master\menu.cpp(1469): warning C4244: '=' : conversion from 'int' to 'float', possible loss of data
     1>c:\users\sonya\documents\code_gitvc\cpp\molt-master\master\menu.cpp(1579): warning C4244: '=' : conversion from 'int' to 'float', possible loss of data
     1>c:\users\sonya\documents\code_gitvc\cpp\molt-master\master\menu.cpp(1590): warning C4244: '=' : conversion from 'double' to 'float', possible loss of data
     1>c:\users\sonya\documents\code_gitvc\cpp\molt-master\master\menu.cpp(1599): warning C4244: '=' : conversion from 'int' to 'float', possible loss of data
     1>c:\users\sonya\documents\code_gitvc\cpp\molt-master\master\menu.cpp(1709): warning C4244: '=' : conversion from 'int' to 'float', possible loss of data
     1>c:\users\sonya\documents\code_gitvc\cpp\molt-master\master\menu.cpp(1811): warning C4244: '=' : conversion from 'int' to 'float', possible loss of data
         main.cpp
     1>c:\users\sonya\documents\code_gitvc\cpp\molt-master\master\spa4156b.h(16): warning C4005: 'ARRAYSZ' : macro redefinition
                 c:\users\sonya\documents\code_gitvc\cpp\molt-master\master\k2400.h(18) : see previous definition of 'ARRAYSZ'
     1>c:\users\sonya\documents\code_gitvc\cpp\molt-master\master\switchbox.h(18): warning C4005: 'ARRAYSZ' : macro redefinition
                 c:\users\sonya\documents\code_gitvc\cpp\molt-master\master\spa4156b.h(16) : see previous definition of 'ARRAYSZ'
     1>c:\users\sonya\documents\code_gitvc\cpp\molt-master\master\spa4145b.h(21): warning C4005: 'PRIMARY_ADDR_OF_PNA_SPA' : macro redefinition
                 c:\users\sonya\documents\code_gitvc\cpp\molt-master\master\spa4156b.h(22) : see previous definition of 'PRIMARY_ADDR_OF_PNA_SPA'
         Switchbox.cpp
         SPA4156B.cpp
     1>c:\users\sonya\documents\code_gitvc\cpp\molt-master\master\spa4156b.cpp(100): warning C4305: 'argument' : truncation from 'double' to 'float'
     1>c:\users\sonya\documents\code_gitvc\cpp\molt-master\master\spa4156b.cpp(174): warning C4305: '=' : truncation from 'double' to 'float'
     1>c:\users\sonya\documents\code_gitvc\cpp\molt-master\master\spa4156b.cpp(175): warning C4305: '=' : truncation from 'double' to 'float'
     1>c:\users\sonya\documents\code_gitvc\cpp\molt-master\master\spa4156b.cpp(176): warning C4305: '=' : truncation from 'double' to 'float'
     1>c:\users\sonya\documents\code_gitvc\cpp\molt-master\master\spa4156b.cpp(206): warning C4305: '=' : truncation from 'double' to 'float'
     1>c:\users\sonya\documents\code_gitvc\cpp\molt-master\master\spa4156b.cpp(207): warning C4305: '=' : truncation from 'double' to 'float'
     1>c:\users\sonya\documents\code_gitvc\cpp\molt-master\master\spa4156b.cpp(208): warning C4305: '=' : truncation from 'double' to 'float'
     1>c:\users\sonya\documents\code_gitvc\cpp\molt-master\master\spa4156b.cpp(230): warning C4305: '=' : truncation from 'double' to 'float'
     1>c:\users\sonya\documents\code_gitvc\cpp\molt-master\master\spa4156b.cpp(231): warning C4305: '=' : truncation from 'double' to 'float'
     1>c:\users\sonya\documents\code_gitvc\cpp\molt-master\master\spa4156b.cpp(482): warning C4244: 'initializing' : conversion from 'float' to 'int', possible loss of data
     1>c:\users\sonya\documents\code_gitvc\cpp\molt-master\master\spa4156b.cpp(577): warning C4244: 'initializing' : conversion from 'float' to 'int', possible loss of data
     1>c:\users\sonya\documents\code_gitvc\cpp\molt-master\master\spa4156b.cpp(803): warning C4305: 'argument' : truncation from 'double' to 'float'
     1>c:\users\sonya\documents\code_gitvc\cpp\molt-master\master\spa4156b.cpp(820): warning C4244: '=' : conversion from 'double' to 'float', possible loss of data
     1>c:\users\sonya\documents\code_gitvc\cpp\molt-master\master\spa4156b.cpp(830): warning C4244: 'argument' : conversion from 'double' to 'float', possible loss of data
     1>c:\users\sonya\documents\code_gitvc\cpp\molt-master\master\spa4156b.cpp(852): warning C4305: 'argument' : truncation from 'double' to 'float'
     1>c:\users\sonya\documents\code_gitvc\cpp\molt-master\master\spa4156b.cpp(871): warning C4244: '=' : conversion from 'double' to 'float', possible loss of data
     1>c:\users\sonya\documents\code_gitvc\cpp\molt-master\master\spa4156b.cpp(914): warning C4305: 'argument' : truncation from 'double' to 'float'
     1>c:\users\sonya\documents\code_gitvc\cpp\molt-master\master\spa4156b.cpp(1435): warning C4018: '<' : signed/unsigned mismatch
         SPA4145B.cpp
     1>c:\users\sonya\documents\code_gitvc\cpp\molt-master\master\spa4145b.cpp(494): warning C4305: 'argument' : truncation from 'double' to 'float'
     1>c:\users\sonya\documents\code_gitvc\cpp\molt-master\master\spa4145b.cpp(501): warning C4305: 'argument' : truncation from 'double' to 'float'
     1>c:\users\sonya\documents\code_gitvc\cpp\molt-master\master\spa4145b.cpp(515): warning C4244: '=' : conversion from 'double' to 'float', possible loss of data
     1>c:\users\sonya\documents\code_gitvc\cpp\molt-master\master\spa4145b.cpp(682): warning C4244: 'initializing' : conversion from 'double' to 'float', possible loss of data
     1>c:\users\sonya\documents\code_gitvc\cpp\molt-master\master\spa4145b.cpp(687): warning C4244: 'initializing' : conversion from 'double' to 'float', possible loss of data
         K2400.cpp
     1>c:\users\sonya\documents\code_gitvc\cpp\molt-master\master\k2400.cpp(106): warning C4554: '|' : check operator precedence for possible error; use parentheses to clarify precedence
     1>c:\users\sonya\documents\code_gitvc\cpp\molt-master\master\k2400.cpp(113): warning C4305: '=' : truncation from 'double' to 'float'
     1>c:\users\sonya\documents\code_gitvc\cpp\molt-master\master\k2400.cpp(115): warning C4305: '=' : truncation from 'double' to 'float'
     1>c:\users\sonya\documents\code_gitvc\cpp\molt-master\master\k2400.cpp(119): warning C4305: '=' : truncation from 'double' to 'float'
     1>c:\users\sonya\documents\code_gitvc\cpp\molt-master\master\k2400.cpp(127): warning C4305: 'initializing' : truncation from 'double' to 'float'
     1>c:\users\sonya\documents\code_gitvc\cpp\molt-master\master\k2400.cpp(136): warning C4244: '=' : conversion from 'float' to 'int', possible loss of data
     1>c:\users\sonya\documents\code_gitvc\cpp\molt-master\master\k2400.cpp(137): warning C4244: '=' : conversion from 'float' to 'int', possible loss of data
     1>c:\users\sonya\documents\code_gitvc\cpp\molt-master\master\k2400.cpp(190): warning C4305: '=' : truncation from 'double' to 'float'
     1>c:\users\sonya\documents\code_gitvc\cpp\molt-master\master\k2400.cpp(285): warning C4305: '=' : truncation from 'double' to 'float'
     1>c:\users\sonya\documents\code_gitvc\cpp\molt-master\master\k2400.cpp(287): warning C4305: '=' : truncation from 'double' to 'float'
     1>c:\users\sonya\documents\code_gitvc\cpp\molt-master\master\k2400.cpp(327): warning C4305: '=' : truncation from 'double' to 'float'
     1>c:\users\sonya\documents\code_gitvc\cpp\molt-master\master\k2400.cpp(329): warning C4305: '=' : truncation from 'double' to 'float'
     1>c:\users\sonya\documents\code_gitvc\cpp\molt-master\master\k2400.cpp(640): warning C4244: '=' : conversion from 'double' to 'float', possible loss of data
     1>c:\users\sonya\documents\code_gitvc\cpp\molt-master\master\k2400.cpp(1005): warning C4244: '=' : conversion from 'double' to 'float', possible loss of data
     1>c:\users\sonya\documents\code_gitvc\cpp\molt-master\master\k2400.cpp(1008): warning C4244: 'initializing' : conversion from 'double' to 'float', possible loss of data
     1>c:\users\sonya\documents\code_gitvc\cpp\molt-master\master\k2400.cpp(1010): warning C4244: '=' : conversion from 'double' to 'float', possible loss of data
     1>c:\users\sonya\documents\code_gitvc\cpp\molt-master\master\k2400.cpp(1042): warning C4305: '-=' : truncation from 'double' to 'float'
     1>c:\users\sonya\documents\code_gitvc\cpp\molt-master\master\k2400.cpp(1384): warning C4244: 'initializing' : conversion from 'int' to 'float', possible loss of data
     1>c:\users\sonya\documents\code_gitvc\cpp\molt-master\master\k2400.cpp(1385): warning C4244: 'initializing' : conversion from 'int' to 'float', possible loss of data
     1>c:\users\sonya\documents\code_gitvc\cpp\molt-master\master\k2400.cpp(1391): warning C4244: '=' : conversion from 'int' to 'float', possible loss of data
     1>c:\users\sonya\documents\code_gitvc\cpp\molt-master\master\k2400.cpp(1392): warning C4244: '=' : conversion from 'int' to 'float', possible loss of data
     1>c:\users\sonya\documents\code_gitvc\cpp\molt-master\master\k2400.cpp(1652): warning C4018: '<' : signed/unsigned mismatch
         DMM.cpp
         Generating Code...
       Link:
         C:\Program Files (x86)\Microsoft Visual Studio 12.0\VC\bin\link.exe /ERRORREPORT:PROMPT /OUT:"C:\Users\Sonya\Documents\Code_GitVC\Cpp\molT-master\Debug\Master.exe" /INCREMENTAL /NOLOGO "C:\Users\Sonya\Documents\Code_GitVC\Cpp\molT-master\Master\gpib-32.obj" libmat.lib libmex.lib libeng.lib libmx.lib kernel32.lib user32.lib gdi32.lib winspool.lib comdlg32.lib advapi32.lib shell32.lib ole32.lib oleaut32.lib uuid.lib odbc32.lib odbccp32.lib /MANIFEST /MANIFESTUAC:"level='asInvoker' uiAccess='false'" /manifest:embed /DEBUG /PDB:"C:\Users\Sonya\Documents\Code_GitVC\Cpp\molT-master\Debug\Master.pdb" /TLBID:1 /DYNAMICBASE /NXCOMPAT /IMPLIB:"C:\Users\Sonya\Documents\Code_GitVC\Cpp\molT-master\Debug\Master.lib" /MACHINE:X86 Debug\DMM.obj
         Debug\graph.obj
         Debug\K2400.obj
         Debug\main.obj
         Debug\menu.obj
         Debug\SPA4145B.obj
         Debug\SPA4156B.obj
         Debug\Switchbox.obj
         Master.vcxproj -> C:\Users\Sonya\Documents\Code_GitVC\Cpp\molT-master\Debug\Master.exe
     1>Done Building Project "C:\Users\Sonya\Documents\Code_GitVC\Cpp\molT-master\Master\Master.vcxproj" (Build target(s)).

Build succeeded.

Time Elapsed 00:00:26.47
